America/New_York
Getting current ticker data...
Success.
Tracking 149 symbols.
Getting historical data...
1/149
2/149
3/149
4/149
5/149
6/149
7/149
8/149
9/149
10/149
11/149
12/149
13/149
14/149
15/149
16/149
17/149
18/149
19/149
20/149
21/149
22/149
23/149
24/149
25/149
26/149
27/149
28/149
29/149
30/149
31/149
32/149
33/149
34/149
35/149
36/149
37/149
38/149
39/149
40/149
41/149
42/149
43/149
44/149
45/149
46/149
47/149
48/149
49/149
50/149
51/149
52/149
53/149
54/149
55/149
56/149
57/149
58/149
59/149
60/149
61/149
62/149
63/149
64/149
65/149
66/149
67/149
68/149
69/149
70/149
71/149
72/149
73/149
74/149
75/149
76/149
77/149
78/149
79/149
80/149
81/149
82/149
83/149
84/149
85/149
86/149
87/149
88/149
89/149
90/149
91/149
92/149
93/149
94/149
95/149
96/149
97/149
98/149
99/149
100/149
101/149
102/149
103/149
104/149
105/149
106/149
107/149
108/149
109/149
110/149
111/149
112/149
113/149
114/149
115/149
116/149
117/149
118/149
119/149
120/149
121/149
122/149
123/149
124/149
125/149
126/149
127/149
128/149
129/149
130/149
131/149
132/149
133/149
134/149
135/149
136/149
137/149
138/149
139/149
140/149
141/149
142/149
143/149
144/149
145/149
146/149
147/149
148/149
149/149
Success.
Watching 149 symbols.
